
> library_mang_sys@1.0.0 server
> nodemon server/server.js

[33m[nodemon] 3.1.14[39m
[33m[nodemon] to restart at any time, enter `rs`[39m
[33m[nodemon] watching path(s): *.*[39m
[33m[nodemon] watching extensions: js,mjs,cjs,json[39m
[32m[nodemon] starting `node server/server.js`[39m
◇ injected env (3) from .env // tip: ⌘ custom filepath { path: '/custom/path/.env' }
Connected to MongoDB
Server running on http://localhost:5000
[32m[nodemon] restarting due to changes...[39m
[32m[nodemon] restarting due to changes...[39m
[32m[nodemon] starting `node server/server.js`[39m
◇ injected env (3) from .env // tip: ◈ encrypted .env [www.dotenvx.com]
Connected to MongoDB
Server running on http://localhost:5000
[32m[nodemon] restarting due to changes...[39m
[32m[nodemon] restarting due to changes...[39m
[32m[nodemon] starting `node server/server.js`[39m
◇ injected env (3) from .env // tip: ◈ secrets for agents [www.dotenvx.com]
Connected to MongoDB
Server running on http://localhost:5000
[32m[nodemon] restarting due to changes...[39m
[32m[nodemon] starting `node server/server.js`[39m
[32m[nodemon] restarting due to changes...[39m
[32m[nodemon] restarting due to changes...[39m
[32m[nodemon] starting `node server/server.js`[39m
◇ injected env (3) from .env // tip: ⌘ override existing { override: true }
Connected to MongoDB
Server running on http://localhost:5000
